---------------------------------------------------------------
[ 2017-11-20T17:04:15+08:00 ] ::1 ::1 GET /tp5/public/
[ info ] localhost/tp5/public/ [运行时间：0.625589s][吞吐率：1.60req/s] [内存消耗：1,793.51kb] [文件加载：44]
[ info ] [ LANG ] D:\phpstudy\WWW\tp5\thinkphp\lang\zh-cn.php
[ info ] [ ROUTE ] array (
  'type' => 'module',
  'module' => 
  array (
    0 => '',
    1 => NULL,
    2 => NULL,
  ),
)
[ info ] [ HEADER ] array (
  'host' => 'localhost',
  'connection' => 'keep-alive',
  'user-agent' => 'Mozilla/5.0 (Windows NT 10.0; Win64; x64) AppleWebKit/537.36 (KHTML, like Gecko) Chrome/61.0.3163.79 Safari/537.36',
  'upgrade-insecure-requests' => '1',
  'accept' => 'text/html,application/xhtml+xml,application/xml;q=0.9,image/webp,image/apng,*/*;q=0.8',
  'accept-encoding' => 'gzip, deflate, br',
  'accept-language' => 'zh-CN,zh;q=0.8',
)
[ info ] [ PARAM ] array (
)
[ info ] [ RUN ] app\index\controller\Index->index[ D:\phpstudy\WWW\tp5\app\index\controller\Index.php ]
[ info ] [ VIEW ] D:\phpstudy\WWW\tp5\public/../app/index\view\index\index.html [ array (
) ]
[ info ] [ SESSION ] INIT array (
  'id' => '',
  'var_session_id' => '',
  'prefix' => 'think',
  'type' => '',
  'auto_start' => true,
  'httponly' => true,
  'secure' => false,
)
[ info ] [ LOG ] INIT File
---------------------------------------------------------------
[ 2017-11-20T17:04:16+08:00 ] ::1 ::1 GET /tp5/public/static/img/video/huawei-in.mp4
[ info ] localhost/tp5/public/static/img/video/huawei-in.mp4 [运行时间：0.178235s][吞吐率：5.61req/s] [内存消耗：1,420.14kb] [文件加载：38]
[ info ] [ LANG ] D:\phpstudy\WWW\tp5\thinkphp\lang\zh-cn.php
[ info ] [ ROUTE ] array (
  'type' => 'module',
  'module' => 
  array (
    0 => 'static',
    1 => 'img',
    2 => 'video',
  ),
)
[ info ] [ HEADER ] array (
  'host' => 'localhost',
  'connection' => 'keep-alive',
  'accept-encoding' => 'identity;q=1, *;q=0',
  'user-agent' => 'Mozilla/5.0 (Windows NT 10.0; Win64; x64) AppleWebKit/537.36 (KHTML, like Gecko) Chrome/61.0.3163.79 Safari/537.36',
  'accept' => '*/*',
  'referer' => 'http://localhost/tp5/public/',
  'accept-language' => 'zh-CN,zh;q=0.8',
  'cookie' => 'PHPSESSID=ictd4n53jmrantod1a5r2ldh07',
  'range' => 'bytes=0-',
)
[ info ] [ PARAM ] array (
)
[ info ] [ LOG ] INIT File
---------------------------------------------------------------
[ 2017-11-20T17:04:21+08:00 ] ::1 ::1 GET /tp5/public/index/index/mall.html
[ info ] localhost/tp5/public/index/index/mall.html [运行时间：0.414138s][吞吐率：2.41req/s] [内存消耗：2,748.20kb] [文件加载：54]
[ info ] [ LANG ] D:\phpstudy\WWW\tp5\thinkphp\lang\zh-cn.php
[ info ] [ ROUTE ] array (
  'type' => 'module',
  'module' => 
  array (
    0 => 'index',
    1 => 'index',
    2 => 'mall',
  ),
)
[ info ] [ HEADER ] array (
  'host' => 'localhost',
  'connection' => 'keep-alive',
  'upgrade-insecure-requests' => '1',
  'user-agent' => 'Mozilla/5.0 (Windows NT 10.0; Win64; x64) AppleWebKit/537.36 (KHTML, like Gecko) Chrome/61.0.3163.79 Safari/537.36',
  'accept' => 'text/html,application/xhtml+xml,application/xml;q=0.9,image/webp,image/apng,*/*;q=0.8',
  'referer' => 'http://localhost/tp5/public/',
  'accept-encoding' => 'gzip, deflate, br',
  'accept-language' => 'zh-CN,zh;q=0.8',
  'cookie' => 'PHPSESSID=ictd4n53jmrantod1a5r2ldh07',
)
[ info ] [ PARAM ] array (
)
[ info ] [ RUN ] app\index\controller\Index->mall[ D:\phpstudy\WWW\tp5\app\index\controller\Index.php ]
[ info ] [ DB ] INIT mysql
[ info ] [ VIEW ] D:\phpstudy\WWW\tp5\public/../app/index\view\index\mall.html [ array (
  0 => 'data',
  1 => 'data1',
  2 => 'data2',
  3 => 'data3',
  4 => 'data5',
  5 => 'data7',
  6 => 'data8',
) ]
[ info ] [ SESSION ] INIT array (
  'id' => '',
  'var_session_id' => '',
  'prefix' => 'think',
  'type' => '',
  'auto_start' => true,
  'httponly' => true,
  'secure' => false,
)
[ info ] [ LOG ] INIT File
[ sql ] [ DB ] CONNECT:[ UseTime:0.020771s ] mysql:dbname=huawei;host=127.0.0.1;charset=utf8
[ sql ] [ SQL ] SHOW COLUMNS FROM `upload_model` [ RunTime:0.054898s ]
[ sql ] [ SQL ] SELECT COUNT(*) AS tp_count FROM `upload_model` WHERE  `titleid` = 1 LIMIT 1 [ RunTime:0.045756s ]
[ sql ] [ SQL ] SELECT * FROM `upload_model` WHERE  `titleid` = 1 LIMIT 0,8 [ RunTime:0.001439s ]
[ sql ] [ SQL ] SELECT COUNT(*) AS tp_count FROM `upload_model` WHERE  `titleid` = 2 LIMIT 1 [ RunTime:0.001541s ]
[ sql ] [ SQL ] SELECT * FROM `upload_model` WHERE  `titleid` = 2 LIMIT 0,8 [ RunTime:0.001825s ]
[ sql ] [ SQL ] SELECT COUNT(*) AS tp_count FROM `upload_model` WHERE  `titleid` = 3 LIMIT 1 [ RunTime:0.001487s ]
[ sql ] [ SQL ] SELECT * FROM `upload_model` WHERE  `titleid` = 3 LIMIT 0,8 [ RunTime:0.001561s ]
[ sql ] [ SQL ] SELECT COUNT(*) AS tp_count FROM `upload_model` WHERE  `titleid` = 4 LIMIT 1 [ RunTime:0.001270s ]
[ sql ] [ SQL ] SELECT * FROM `upload_model` WHERE  `titleid` = 4 LIMIT 0,8 [ RunTime:0.001417s ]
[ sql ] [ SQL ] SELECT COUNT(*) AS tp_count FROM `upload_model` WHERE  `titleid` = 5 LIMIT 1 [ RunTime:0.001943s ]
[ sql ] [ SQL ] SELECT * FROM `upload_model` WHERE  `titleid` = 5 LIMIT 0,8 [ RunTime:0.001515s ]
[ sql ] [ SQL ] SELECT COUNT(*) AS tp_count FROM `upload_model` WHERE  `titleid` = 7 LIMIT 1 [ RunTime:0.001293s ]
[ sql ] [ SQL ] SELECT * FROM `upload_model` WHERE  `titleid` = 7 LIMIT 0,8 [ RunTime:0.001610s ]
[ sql ] [ SQL ] SELECT COUNT(*) AS tp_count FROM `upload_model` WHERE  `titleid` = 8 LIMIT 1 [ RunTime:0.001331s ]
[ sql ] [ SQL ] SELECT * FROM `upload_model` WHERE  `titleid` = 8 LIMIT 0,8 [ RunTime:0.001654s ]
---------------------------------------------------------------
[ 2017-11-20T17:04:28+08:00 ] ::1 ::1 GET /tp5/public/index/index/mall_detall?id=6
[ info ] localhost/tp5/public/index/index/mall_detall?id=6 [运行时间：0.286475s][吞吐率：3.49req/s] [内存消耗：2,808.09kb] [文件加载：53]
[ info ] [ LANG ] D:\phpstudy\WWW\tp5\thinkphp\lang\zh-cn.php
[ info ] [ ROUTE ] array (
  'type' => 'module',
  'module' => 
  array (
    0 => 'index',
    1 => 'index',
    2 => 'mall_detall',
  ),
)
[ info ] [ HEADER ] array (
  'host' => 'localhost',
  'connection' => 'keep-alive',
  'upgrade-insecure-requests' => '1',
  'user-agent' => 'Mozilla/5.0 (Windows NT 10.0; Win64; x64) AppleWebKit/537.36 (KHTML, like Gecko) Chrome/61.0.3163.79 Safari/537.36',
  'accept' => 'text/html,application/xhtml+xml,application/xml;q=0.9,image/webp,image/apng,*/*;q=0.8',
  'referer' => 'http://localhost/tp5/public/index/index/mall.html',
  'accept-encoding' => 'gzip, deflate, br',
  'accept-language' => 'zh-CN,zh;q=0.8',
  'cookie' => 'PHPSESSID=ictd4n53jmrantod1a5r2ldh07',
)
[ info ] [ PARAM ] array (
  'id' => '6',
)
[ info ] [ RUN ] app\index\controller\Index->mall_detall[ D:\phpstudy\WWW\tp5\app\index\controller\Index.php ]
[ info ] [ DB ] INIT mysql
[ info ] [ VIEW ] D:\phpstudy\WWW\tp5\public/../app/index\view\index\malldetall.html [ array (
  0 => 'data',
) ]
[ info ] [ SESSION ] INIT array (
  'id' => '',
  'var_session_id' => '',
  'prefix' => 'think',
  'type' => '',
  'auto_start' => true,
  'httponly' => true,
  'secure' => false,
)
[ info ] [ LOG ] INIT File
[ sql ] [ DB ] CONNECT:[ UseTime:0.012800s ] mysql:dbname=huawei;host=127.0.0.1;charset=utf8
[ sql ] [ SQL ] SHOW COLUMNS FROM `upload_model` [ RunTime:0.021057s ]
[ sql ] [ SQL ] SELECT * FROM `upload_model` WHERE  `id` = 6 LIMIT 1 [ RunTime:0.026825s ]
---------------------------------------------------------------
[ 2017-11-20T17:04:34+08:00 ] ::1 ::1 GET /tp5/public/index/index/login
[ info ] localhost/tp5/public/index/index/login [运行时间：0.071796s][吞吐率：13.93req/s] [内存消耗：1,756.47kb] [文件加载：44]
[ info ] [ LANG ] D:\phpstudy\WWW\tp5\thinkphp\lang\zh-cn.php
[ info ] [ ROUTE ] array (
  'type' => 'module',
  'module' => 
  array (
    0 => 'index',
    1 => 'index',
    2 => 'login',
  ),
)
[ info ] [ HEADER ] array (
  'host' => 'localhost',
  'connection' => 'keep-alive',
  'upgrade-insecure-requests' => '1',
  'user-agent' => 'Mozilla/5.0 (Windows NT 10.0; Win64; x64) AppleWebKit/537.36 (KHTML, like Gecko) Chrome/61.0.3163.79 Safari/537.36',
  'accept' => 'text/html,application/xhtml+xml,application/xml;q=0.9,image/webp,image/apng,*/*;q=0.8',
  'referer' => 'http://localhost/tp5/public/index/index/mall_detall?id=6',
  'accept-encoding' => 'gzip, deflate, br',
  'accept-language' => 'zh-CN,zh;q=0.8',
  'cookie' => 'PHPSESSID=ictd4n53jmrantod1a5r2ldh07',
)
[ info ] [ PARAM ] array (
)
[ info ] [ RUN ] app\index\controller\Index->login[ D:\phpstudy\WWW\tp5\app\index\controller\Index.php ]
[ info ] [ VIEW ] D:\phpstudy\WWW\tp5\public/../app/index\view\login\login.html [ array (
) ]
[ info ] [ LOG ] INIT File
---------------------------------------------------------------
[ 2017-11-20T17:04:35+08:00 ] ::1 ::1 GET /tp5/public/captcha.html
[ info ] localhost/tp5/public/captcha.html [运行时间：0.607071s][吞吐率：1.65req/s] [内存消耗：1,445.24kb] [文件加载：37]
[ info ] [ LANG ] D:\phpstudy\WWW\tp5\thinkphp\lang\zh-cn.php
[ info ] [ ROUTE ] array (
  'type' => 'method',
  'method' => 
  array (
    0 => '\\think\\captcha\\CaptchaController',
    1 => 'index',
  ),
  'var' => 
  array (
  ),
)
[ info ] [ HEADER ] array (
  'host' => 'localhost',
  'connection' => 'keep-alive',
  'user-agent' => 'Mozilla/5.0 (Windows NT 10.0; Win64; x64) AppleWebKit/537.36 (KHTML, like Gecko) Chrome/61.0.3163.79 Safari/537.36',
  'accept' => 'image/webp,image/apng,image/*,*/*;q=0.8',
  'referer' => 'http://localhost/tp5/public/index/index/login',
  'accept-encoding' => 'gzip, deflate, br',
  'accept-language' => 'zh-CN,zh;q=0.8',
  'cookie' => 'PHPSESSID=ictd4n53jmrantod1a5r2ldh07',
)
[ info ] [ PARAM ] array (
  'id' => NULL,
)
[ info ] [ RUN ] think\captcha\CaptchaController->index[ D:\phpstudy\WWW\tp5\vendor\topthink\think-captcha\src\CaptchaController.php ]
[ info ] [ SESSION ] INIT array (
  'id' => '',
  'var_session_id' => '',
  'prefix' => 'think',
  'type' => '',
  'auto_start' => true,
  'httponly' => true,
  'secure' => false,
)
[ info ] [ LOG ] INIT File
---------------------------------------------------------------
[ 2017-11-20T17:04:48+08:00 ] ::1 ::1 POST /tp5/public/index/user/checklogin.html
[ info ] localhost/tp5/public/index/user/checklogin.html [运行时间：0.265766s][吞吐率：3.76req/s] [内存消耗：2,842.29kb] [文件加载：55]
[ info ] [ LANG ] D:\phpstudy\WWW\tp5\thinkphp\lang\zh-cn.php
[ info ] [ ROUTE ] array (
  'type' => 'module',
  'module' => 
  array (
    0 => 'index',
    1 => 'user',
    2 => 'checklogin',
  ),
)
[ info ] [ HEADER ] array (
  'host' => 'localhost',
  'connection' => 'keep-alive',
  'content-length' => '48',
  'cache-control' => 'max-age=0',
  'origin' => 'http://localhost',
  'upgrade-insecure-requests' => '1',
  'content-type' => 'application/x-www-form-urlencoded',
  'user-agent' => 'Mozilla/5.0 (Windows NT 10.0; Win64; x64) AppleWebKit/537.36 (KHTML, like Gecko) Chrome/61.0.3163.79 Safari/537.36',
  'accept' => 'text/html,application/xhtml+xml,application/xml;q=0.9,image/webp,image/apng,*/*;q=0.8',
  'referer' => 'http://localhost/tp5/public/index/index/login',
  'accept-encoding' => 'gzip, deflate, br',
  'accept-language' => 'zh-CN,zh;q=0.8',
  'cookie' => 'PHPSESSID=ictd4n53jmrantod1a5r2ldh07',
)
[ info ] [ PARAM ] array (
  'username' => 'admin',
  'password' => '123123',
  'code' => '6505',
  'submit' => '',
)
[ info ] [ RUN ] app\index\controller\User->checklogin[ D:\phpstudy\WWW\tp5\app\index\controller\User.php ]
[ info ] [ DB ] INIT mysql
[ info ] [ SESSION ] INIT array (
  'id' => '',
  'var_session_id' => '',
  'prefix' => 'think',
  'type' => '',
  'auto_start' => true,
  'httponly' => true,
  'secure' => false,
)
[ info ] [ VIEW ] D:\phpstudy\WWW\tp5\thinkphp\tpl\dispatch_jump.tpl [ array (
  0 => 'code',
  1 => 'msg',
  2 => 'data',
  3 => 'url',
  4 => 'wait',
) ]
[ info ] [ LOG ] INIT File
[ sql ] [ DB ] CONNECT:[ UseTime:0.006757s ] mysql:dbname=huawei;host=127.0.0.1;charset=utf8
[ sql ] [ SQL ] SHOW COLUMNS FROM `user_model` [ RunTime:0.040055s ]
[ sql ] [ SQL ] SELECT * FROM `user_model` WHERE  `username` = 'admin' LIMIT 1 [ RunTime:0.000591s ]
---------------------------------------------------------------
[ 2017-11-20T17:04:50+08:00 ] ::1 ::1 GET /tp5/public/index/index/index.html
[ info ] localhost/tp5/public/index/index/index.html [运行时间：0.055895s][吞吐率：17.89req/s] [内存消耗：1,794.54kb] [文件加载：44]
[ info ] [ LANG ] D:\phpstudy\WWW\tp5\thinkphp\lang\zh-cn.php
[ info ] [ ROUTE ] array (
  'type' => 'module',
  'module' => 
  array (
    0 => 'index',
    1 => 'index',
    2 => 'index',
  ),
)
[ info ] [ HEADER ] array (
  'host' => 'localhost',
  'connection' => 'keep-alive',
  'upgrade-insecure-requests' => '1',
  'user-agent' => 'Mozilla/5.0 (Windows NT 10.0; Win64; x64) AppleWebKit/537.36 (KHTML, like Gecko) Chrome/61.0.3163.79 Safari/537.36',
  'accept' => 'text/html,application/xhtml+xml,application/xml;q=0.9,image/webp,image/apng,*/*;q=0.8',
  'referer' => 'http://localhost/tp5/public/index/user/checklogin.html',
  'accept-encoding' => 'gzip, deflate, br',
  'accept-language' => 'zh-CN,zh;q=0.8',
  'cookie' => 'PHPSESSID=ictd4n53jmrantod1a5r2ldh07',
)
[ info ] [ PARAM ] array (
)
[ info ] [ RUN ] app\index\controller\Index->index[ D:\phpstudy\WWW\tp5\app\index\controller\Index.php ]
[ info ] [ VIEW ] D:\phpstudy\WWW\tp5\public/../app/index\view\index\index.html [ array (
) ]
[ info ] [ SESSION ] INIT array (
  'id' => '',
  'var_session_id' => '',
  'prefix' => 'think',
  'type' => '',
  'auto_start' => true,
  'httponly' => true,
  'secure' => false,
)
[ info ] [ LOG ] INIT File
---------------------------------------------------------------
[ 2017-11-20T17:04:50+08:00 ] ::1 ::1 GET /tp5/public/static/img/video/huawei-in.mp4
[ info ] localhost/tp5/public/static/img/video/huawei-in.mp4 [运行时间：0.062539s][吞吐率：15.99req/s] [内存消耗：1,420.16kb] [文件加载：38]
[ info ] [ LANG ] D:\phpstudy\WWW\tp5\thinkphp\lang\zh-cn.php
[ info ] [ ROUTE ] array (
  'type' => 'module',
  'module' => 
  array (
    0 => 'static',
    1 => 'img',
    2 => 'video',
  ),
)
[ info ] [ HEADER ] array (
  'host' => 'localhost',
  'connection' => 'keep-alive',
  'accept-encoding' => 'identity;q=1, *;q=0',
  'user-agent' => 'Mozilla/5.0 (Windows NT 10.0; Win64; x64) AppleWebKit/537.36 (KHTML, like Gecko) Chrome/61.0.3163.79 Safari/537.36',
  'accept' => '*/*',
  'referer' => 'http://localhost/tp5/public/index/index/index.html',
  'accept-language' => 'zh-CN,zh;q=0.8',
  'cookie' => 'PHPSESSID=ictd4n53jmrantod1a5r2ldh07',
  'range' => 'bytes=0-34330',
)
[ info ] [ PARAM ] array (
)
[ info ] [ LOG ] INIT File
---------------------------------------------------------------
[ 2017-11-20T17:04:52+08:00 ] ::1 ::1 GET /tp5/public/index/index/userinfo?username=admin
[ info ] localhost/tp5/public/index/index/userinfo?username=admin [运行时间：0.126080s][吞吐率：7.93req/s] [内存消耗：2,498.24kb] [文件加载：51]
[ info ] [ LANG ] D:\phpstudy\WWW\tp5\thinkphp\lang\zh-cn.php
[ info ] [ ROUTE ] array (
  'type' => 'module',
  'module' => 
  array (
    0 => 'index',
    1 => 'index',
    2 => 'userinfo',
  ),
)
[ info ] [ HEADER ] array (
  'host' => 'localhost',
  'connection' => 'keep-alive',
  'upgrade-insecure-requests' => '1',
  'user-agent' => 'Mozilla/5.0 (Windows NT 10.0; Win64; x64) AppleWebKit/537.36 (KHTML, like Gecko) Chrome/61.0.3163.79 Safari/537.36',
  'accept' => 'text/html,application/xhtml+xml,application/xml;q=0.9,image/webp,image/apng,*/*;q=0.8',
  'referer' => 'http://localhost/tp5/public/index/index/index.html',
  'accept-encoding' => 'gzip, deflate, br',
  'accept-language' => 'zh-CN,zh;q=0.8',
  'cookie' => 'PHPSESSID=ictd4n53jmrantod1a5r2ldh07',
)
[ info ] [ PARAM ] array (
  'username' => 'admin',
)
[ info ] [ RUN ] app\index\controller\Index->userinfo[ D:\phpstudy\WWW\tp5\app\index\controller\Index.php ]
[ info ] [ DB ] INIT mysql
[ info ] [ VIEW ] D:\phpstudy\WWW\tp5\public/../app/index\view\index\userinfo.html [ array (
  0 => 'data',
) ]
[ info ] [ SESSION ] INIT array (
  'id' => '',
  'var_session_id' => '',
  'prefix' => 'think',
  'type' => '',
  'auto_start' => true,
  'httponly' => true,
  'secure' => false,
)
[ info ] [ LOG ] INIT File
[ sql ] [ DB ] CONNECT:[ UseTime:0.005824s ] mysql:dbname=huawei;host=127.0.0.1;charset=utf8
[ sql ] [ SQL ] SHOW COLUMNS FROM `user_model` [ RunTime:0.011782s ]
[ sql ] [ SQL ] SELECT * FROM `user_model` WHERE  `username` = 'admin' LIMIT 1 [ RunTime:0.000585s ]
---------------------------------------------------------------
[ 2017-11-20T17:04:59+08:00 ] ::1 ::1 GET /tp5/public/index/index/index.html
[ info ] localhost/tp5/public/index/index/index.html [运行时间：0.063860s][吞吐率：15.66req/s] [内存消耗：1,794.54kb] [文件加载：44]
[ info ] [ LANG ] D:\phpstudy\WWW\tp5\thinkphp\lang\zh-cn.php
[ info ] [ ROUTE ] array (
  'type' => 'module',
  'module' => 
  array (
    0 => 'index',
    1 => 'index',
    2 => 'index',
  ),
)
[ info ] [ HEADER ] array (
  'host' => 'localhost',
  'connection' => 'keep-alive',
  'user-agent' => 'Mozilla/5.0 (Windows NT 10.0; Win64; x64) AppleWebKit/537.36 (KHTML, like Gecko) Chrome/61.0.3163.79 Safari/537.36',
  'upgrade-insecure-requests' => '1',
  'accept' => 'text/html,application/xhtml+xml,application/xml;q=0.9,image/webp,image/apng,*/*;q=0.8',
  'referer' => 'http://localhost/tp5/public/index/user/checklogin.html',
  'accept-encoding' => 'gzip, deflate, br',
  'accept-language' => 'zh-CN,zh;q=0.8',
  'cookie' => 'PHPSESSID=ictd4n53jmrantod1a5r2ldh07',
)
[ info ] [ PARAM ] array (
)
[ info ] [ RUN ] app\index\controller\Index->index[ D:\phpstudy\WWW\tp5\app\index\controller\Index.php ]
[ info ] [ VIEW ] D:\phpstudy\WWW\tp5\public/../app/index\view\index\index.html [ array (
) ]
[ info ] [ SESSION ] INIT array (
  'id' => '',
  'var_session_id' => '',
  'prefix' => 'think',
  'type' => '',
  'auto_start' => true,
  'httponly' => true,
  'secure' => false,
)
[ info ] [ LOG ] INIT File
---------------------------------------------------------------
[ 2017-11-20T17:05:02+08:00 ] ::1 ::1 GET /tp5/public/admin/admin/login.html
[ info ] localhost/tp5/public/admin/admin/login.html [运行时间：0.162179s][吞吐率：6.17req/s] [内存消耗：1,743.73kb] [文件加载：44]
[ info ] [ LANG ] D:\phpstudy\WWW\tp5\thinkphp\lang\zh-cn.php
[ info ] [ ROUTE ] array (
  'type' => 'module',
  'module' => 
  array (
    0 => 'admin',
    1 => 'admin',
    2 => 'login',
  ),
)
[ info ] [ HEADER ] array (
  'host' => 'localhost',
  'connection' => 'keep-alive',
  'upgrade-insecure-requests' => '1',
  'user-agent' => 'Mozilla/5.0 (Windows NT 10.0; Win64; x64) AppleWebKit/537.36 (KHTML, like Gecko) Chrome/61.0.3163.79 Safari/537.36',
  'accept' => 'text/html,application/xhtml+xml,application/xml;q=0.9,image/webp,image/apng,*/*;q=0.8',
  'referer' => 'http://localhost/tp5/public/index/index/index.html',
  'accept-encoding' => 'gzip, deflate, br',
  'accept-language' => 'zh-CN,zh;q=0.8',
  'cookie' => 'PHPSESSID=ictd4n53jmrantod1a5r2ldh07',
)
[ info ] [ PARAM ] array (
)
[ info ] [ RUN ] app\admin\controller\Admin->login[ D:\phpstudy\WWW\tp5\app\admin\controller\Admin.php ]
[ info ] [ VIEW ] D:\phpstudy\WWW\tp5\public/../app/admin\view\login\login.html [ array (
) ]
[ info ] [ LOG ] INIT File
---------------------------------------------------------------
[ 2017-11-20T17:05:02+08:00 ] ::1 ::1 GET /tp5/public/captcha.html
[ info ] localhost/tp5/public/captcha.html [运行时间：0.106694s][吞吐率：9.37req/s] [内存消耗：1,445.45kb] [文件加载：37]
[ info ] [ LANG ] D:\phpstudy\WWW\tp5\thinkphp\lang\zh-cn.php
[ info ] [ ROUTE ] array (
  'type' => 'method',
  'method' => 
  array (
    0 => '\\think\\captcha\\CaptchaController',
    1 => 'index',
  ),
  'var' => 
  array (
  ),
)
[ info ] [ HEADER ] array (
  'host' => 'localhost',
  'connection' => 'keep-alive',
  'user-agent' => 'Mozilla/5.0 (Windows NT 10.0; Win64; x64) AppleWebKit/537.36 (KHTML, like Gecko) Chrome/61.0.3163.79 Safari/537.36',
  'accept' => 'image/webp,image/apng,image/*,*/*;q=0.8',
  'referer' => 'http://localhost/tp5/public/admin/admin/login.html',
  'accept-encoding' => 'gzip, deflate, br',
  'accept-language' => 'zh-CN,zh;q=0.8',
  'cookie' => 'PHPSESSID=ictd4n53jmrantod1a5r2ldh07',
)
[ info ] [ PARAM ] array (
  'id' => NULL,
)
[ info ] [ RUN ] think\captcha\CaptchaController->index[ D:\phpstudy\WWW\tp5\vendor\topthink\think-captcha\src\CaptchaController.php ]
[ info ] [ SESSION ] INIT array (
  'id' => '',
  'var_session_id' => '',
  'prefix' => 'think',
  'type' => '',
  'auto_start' => true,
  'httponly' => true,
  'secure' => false,
)
[ info ] [ LOG ] INIT File
---------------------------------------------------------------
[ 2017-11-20T17:05:10+08:00 ] ::1 ::1 POST /tp5/public/admin/admin/checklogin.html
[ info ] localhost/tp5/public/admin/admin/checklogin.html [运行时间：0.195837s][吞吐率：5.11req/s] [内存消耗：2,851.32kb] [文件加载：55]
[ info ] [ LANG ] D:\phpstudy\WWW\tp5\thinkphp\lang\zh-cn.php
[ info ] [ ROUTE ] array (
  'type' => 'module',
  'module' => 
  array (
    0 => 'admin',
    1 => 'admin',
    2 => 'checklogin',
  ),
)
[ info ] [ HEADER ] array (
  'host' => 'localhost',
  'connection' => 'keep-alive',
  'content-length' => '44',
  'cache-control' => 'max-age=0',
  'origin' => 'http://localhost',
  'upgrade-insecure-requests' => '1',
  'content-type' => 'application/x-www-form-urlencoded',
  'user-agent' => 'Mozilla/5.0 (Windows NT 10.0; Win64; x64) AppleWebKit/537.36 (KHTML, like Gecko) Chrome/61.0.3163.79 Safari/537.36',
  'accept' => 'text/html,application/xhtml+xml,application/xml;q=0.9,image/webp,image/apng,*/*;q=0.8',
  'referer' => 'http://localhost/tp5/public/admin/admin/login.html',
  'accept-encoding' => 'gzip, deflate, br',
  'accept-language' => 'zh-CN,zh;q=0.8',
  'cookie' => 'PHPSESSID=ictd4n53jmrantod1a5r2ldh07',
)
[ info ] [ PARAM ] array (
  'name' => 'admin',
  'password' => '123123',
  'code' => '5322',
  'submit' => '',
)
[ info ] [ RUN ] app\admin\controller\Admin->checklogin[ D:\phpstudy\WWW\tp5\app\admin\controller\Admin.php ]
[ info ] [ DB ] INIT mysql
[ info ] [ SESSION ] INIT array (
  'id' => '',
  'var_session_id' => '',
  'prefix' => 'think',
  'type' => '',
  'auto_start' => true,
  'httponly' => true,
  'secure' => false,
)
[ info ] [ VIEW ] D:\phpstudy\WWW\tp5\thinkphp\tpl\dispatch_jump.tpl [ array (
  0 => 'code',
  1 => 'msg',
  2 => 'data',
  3 => 'url',
  4 => 'wait',
) ]
[ info ] [ LOG ] INIT File
[ sql ] [ DB ] CONNECT:[ UseTime:0.012895s ] mysql:dbname=huawei;host=127.0.0.1;charset=utf8
[ sql ] [ SQL ] SHOW COLUMNS FROM `admin_model` [ RunTime:0.086153s ]
[ sql ] [ SQL ] SELECT * FROM `admin_model` WHERE  `name` = 'admin' LIMIT 1 [ RunTime:0.000642s ]
---------------------------------------------------------------
[ 2017-11-20T17:05:12+08:00 ] ::1 ::1 GET /tp5/public/admin/index/frame.html
[ info ] localhost/tp5/public/admin/index/frame.html [运行时间：0.098552s][吞吐率：10.15req/s] [内存消耗：1,674.09kb] [文件加载：44]
[ info ] [ LANG ] D:\phpstudy\WWW\tp5\thinkphp\lang\zh-cn.php
[ info ] [ ROUTE ] array (
  'type' => 'module',
  'module' => 
  array (
    0 => 'admin',
    1 => 'index',
    2 => 'frame',
  ),
)
[ info ] [ HEADER ] array (
  'host' => 'localhost',
  'connection' => 'keep-alive',
  'upgrade-insecure-requests' => '1',
  'user-agent' => 'Mozilla/5.0 (Windows NT 10.0; Win64; x64) AppleWebKit/537.36 (KHTML, like Gecko) Chrome/61.0.3163.79 Safari/537.36',
  'accept' => 'text/html,application/xhtml+xml,application/xml;q=0.9,image/webp,image/apng,*/*;q=0.8',
  'referer' => 'http://localhost/tp5/public/admin/admin/checklogin.html',
  'accept-encoding' => 'gzip, deflate, br',
  'accept-language' => 'zh-CN,zh;q=0.8',
  'cookie' => 'PHPSESSID=ictd4n53jmrantod1a5r2ldh07',
)
[ info ] [ PARAM ] array (
)
[ info ] [ SESSION ] INIT array (
  'id' => '',
  'var_session_id' => '',
  'prefix' => 'think',
  'type' => '',
  'auto_start' => true,
  'httponly' => true,
  'secure' => false,
)
[ info ] [ RUN ] app\admin\controller\Index->frame[ D:\phpstudy\WWW\tp5\app\admin\controller\Index.php ]
[ info ] [ VIEW ] D:\phpstudy\WWW\tp5\public/../app/admin\view\index\frame\frame.html [ array (
) ]
[ info ] [ LOG ] INIT File
---------------------------------------------------------------
[ 2017-11-20T17:05:12+08:00 ] ::1 ::1 GET /tp5/public/admin/index/top
[ info ] localhost/tp5/public/admin/index/top [运行时间：0.106936s][吞吐率：9.35req/s] [内存消耗：1,735.70kb] [文件加载：45]
[ info ] [ LANG ] D:\phpstudy\WWW\tp5\thinkphp\lang\zh-cn.php
[ info ] [ ROUTE ] array (
  'type' => 'module',
  'module' => 
  array (
    0 => 'admin',
    1 => 'index',
    2 => 'top',
  ),
)
[ info ] [ HEADER ] array (
  'host' => 'localhost',
  'connection' => 'keep-alive',
  'upgrade-insecure-requests' => '1',
  'user-agent' => 'Mozilla/5.0 (Windows NT 10.0; Win64; x64) AppleWebKit/537.36 (KHTML, like Gecko) Chrome/61.0.3163.79 Safari/537.36',
  'accept' => 'text/html,application/xhtml+xml,application/xml;q=0.9,image/webp,image/apng,*/*;q=0.8',
  'referer' => 'http://localhost/tp5/public/admin/index/frame.html',
  'accept-encoding' => 'gzip, deflate, br',
  'accept-language' => 'zh-CN,zh;q=0.8',
  'cookie' => 'PHPSESSID=ictd4n53jmrantod1a5r2ldh07',
)
[ info ] [ PARAM ] array (
)
[ info ] [ SESSION ] INIT array (
  'id' => '',
  'var_session_id' => '',
  'prefix' => 'think',
  'type' => '',
  'auto_start' => true,
  'httponly' => true,
  'secure' => false,
)
[ info ] [ RUN ] app\admin\controller\Index->top[ D:\phpstudy\WWW\tp5\app\admin\controller\Index.php ]
[ info ] [ VIEW ] D:\phpstudy\WWW\tp5\public/../app/admin\view\index\frame\top.html [ array (
) ]
[ info ] [ LOG ] INIT File
---------------------------------------------------------------
[ 2017-11-20T17:05:12+08:00 ] ::1 ::1 GET /tp5/public/admin/index/pages/index
[ info ] localhost/tp5/public/admin/index/pages/index [运行时间：0.125285s][吞吐率：7.98req/s] [内存消耗：1,674.13kb] [文件加载：44]
[ info ] [ LANG ] D:\phpstudy\WWW\tp5\thinkphp\lang\zh-cn.php
[ info ] [ ROUTE ] array (
  'type' => 'module',
  'module' => 
  array (
    0 => 'admin',
    1 => 'index',
    2 => 'pages',
  ),
)
[ info ] [ HEADER ] array (
  'host' => 'localhost',
  'connection' => 'keep-alive',
  'upgrade-insecure-requests' => '1',
  'user-agent' => 'Mozilla/5.0 (Windows NT 10.0; Win64; x64) AppleWebKit/537.36 (KHTML, like Gecko) Chrome/61.0.3163.79 Safari/537.36',
  'accept' => 'text/html,application/xhtml+xml,application/xml;q=0.9,image/webp,image/apng,*/*;q=0.8',
  'referer' => 'http://localhost/tp5/public/admin/index/frame.html',
  'accept-encoding' => 'gzip, deflate, br',
  'accept-language' => 'zh-CN,zh;q=0.8',
  'cookie' => 'PHPSESSID=ictd4n53jmrantod1a5r2ldh07',
)
[ info ] [ PARAM ] array (
)
[ info ] [ SESSION ] INIT array (
  'id' => '',
  'var_session_id' => '',
  'prefix' => 'think',
  'type' => '',
  'auto_start' => true,
  'httponly' => true,
  'secure' => false,
)
[ info ] [ RUN ] app\admin\controller\Index->pages[ D:\phpstudy\WWW\tp5\app\admin\controller\Index.php ]
[ info ] [ VIEW ] D:\phpstudy\WWW\tp5\public/../app/admin\view\index\frame\pages\index.html [ array (
) ]
[ info ] [ LOG ] INIT File
---------------------------------------------------------------
[ 2017-11-20T17:05:12+08:00 ] ::1 ::1 GET /tp5/public/admin/index/index
[ info ] localhost/tp5/public/admin/index/index [运行时间：0.162488s][吞吐率：6.15req/s] [内存消耗：1,735.73kb] [文件加载：45]
[ info ] [ LANG ] D:\phpstudy\WWW\tp5\thinkphp\lang\zh-cn.php
[ info ] [ ROUTE ] array (
  'type' => 'module',
  'module' => 
  array (
    0 => 'admin',
    1 => 'index',
    2 => 'index',
  ),
)
[ info ] [ HEADER ] array (
  'host' => 'localhost',
  'connection' => 'keep-alive',
  'upgrade-insecure-requests' => '1',
  'user-agent' => 'Mozilla/5.0 (Windows NT 10.0; Win64; x64) AppleWebKit/537.36 (KHTML, like Gecko) Chrome/61.0.3163.79 Safari/537.36',
  'accept' => 'text/html,application/xhtml+xml,application/xml;q=0.9,image/webp,image/apng,*/*;q=0.8',
  'referer' => 'http://localhost/tp5/public/admin/index/frame.html',
  'accept-encoding' => 'gzip, deflate, br',
  'accept-language' => 'zh-CN,zh;q=0.8',
  'cookie' => 'PHPSESSID=ictd4n53jmrantod1a5r2ldh07',
)
[ info ] [ PARAM ] array (
)
[ info ] [ SESSION ] INIT array (
  'id' => '',
  'var_session_id' => '',
  'prefix' => 'think',
  'type' => '',
  'auto_start' => true,
  'httponly' => true,
  'secure' => false,
)
[ info ] [ RUN ] app\admin\controller\Index->index[ D:\phpstudy\WWW\tp5\app\admin\controller\Index.php ]
[ info ] [ VIEW ] D:\phpstudy\WWW\tp5\public/../app/admin\view\index\frame\index.html [ array (
) ]
[ info ] [ LOG ] INIT File
---------------------------------------------------------------
[ 2017-11-20T17:05:12+08:00 ] ::1 ::1 GET /tp5/public/static/js/all/jquery1.11.min.js
[ info ] localhost/tp5/public/static/js/all/jquery1.11.min.js [运行时间：0.062185s][吞吐率：16.08req/s] [内存消耗：1,419.84kb] [文件加载：38]
[ info ] [ LANG ] D:\phpstudy\WWW\tp5\thinkphp\lang\zh-cn.php
[ info ] [ ROUTE ] array (
  'type' => 'module',
  'module' => 
  array (
    0 => 'static',
    1 => 'js',
    2 => 'all',
  ),
)
[ info ] [ HEADER ] array (
  'host' => 'localhost',
  'connection' => 'keep-alive',
  'user-agent' => 'Mozilla/5.0 (Windows NT 10.0; Win64; x64) AppleWebKit/537.36 (KHTML, like Gecko) Chrome/61.0.3163.79 Safari/537.36',
  'accept' => '*/*',
  'referer' => 'http://localhost/tp5/public/admin/index/pages/index',
  'accept-encoding' => 'gzip, deflate, br',
  'accept-language' => 'zh-CN,zh;q=0.8',
  'cookie' => 'PHPSESSID=ictd4n53jmrantod1a5r2ldh07',
)
[ info ] [ PARAM ] array (
)
[ info ] [ LOG ] INIT File
---------------------------------------------------------------
[ 2017-11-20T17:05:14+08:00 ] ::1 ::1 GET /tp5/public/admin/upload/pic_list.html
[ info ] localhost/tp5/public/admin/upload/pic_list.html [运行时间：0.161733s][吞吐率：6.18req/s] [内存消耗：2,910.21kb] [文件加载：56]
[ info ] [ LANG ] D:\phpstudy\WWW\tp5\thinkphp\lang\zh-cn.php
[ info ] [ ROUTE ] array (
  'type' => 'module',
  'module' => 
  array (
    0 => 'admin',
    1 => 'upload',
    2 => 'pic_list',
  ),
)
[ info ] [ HEADER ] array (
  'host' => 'localhost',
  'connection' => 'keep-alive',
  'upgrade-insecure-requests' => '1',
  'user-agent' => 'Mozilla/5.0 (Windows NT 10.0; Win64; x64) AppleWebKit/537.36 (KHTML, like Gecko) Chrome/61.0.3163.79 Safari/537.36',
  'accept' => 'text/html,application/xhtml+xml,application/xml;q=0.9,image/webp,image/apng,*/*;q=0.8',
  'referer' => 'http://localhost/tp5/public/admin/index/index',
  'accept-encoding' => 'gzip, deflate, br',
  'accept-language' => 'zh-CN,zh;q=0.8',
  'cookie' => 'PHPSESSID=ictd4n53jmrantod1a5r2ldh07',
)
[ info ] [ PARAM ] array (
)
[ info ] [ RUN ] app\admin\controller\Upload->pic_list[ D:\phpstudy\WWW\tp5\app\admin\controller\Upload.php ]
[ info ] [ DB ] INIT mysql
[ info ] [ VIEW ] D:\phpstudy\WWW\tp5\public/../app/admin\view\index\frame\pages\pic_list.html [ array (
  0 => 'data',
  1 => 'page',
) ]
[ info ] [ LOG ] INIT File
[ sql ] [ DB ] CONNECT:[ UseTime:0.013670s ] mysql:dbname=huawei;host=127.0.0.1;charset=utf8
[ sql ] [ SQL ] SHOW COLUMNS FROM `upload_model` [ RunTime:0.011985s ]
[ sql ] [ SQL ] SELECT COUNT(*) AS tp_count FROM `upload_model` LIMIT 1 [ RunTime:0.000363s ]
[ sql ] [ SQL ] SELECT * FROM `upload_model` LIMIT 0,5 [ RunTime:0.000511s ]
---------------------------------------------------------------
[ 2017-11-20T17:05:21+08:00 ] ::1 ::1 GET /tp5/public/admin/index/pic_add.html
[ info ] localhost/tp5/public/admin/index/pic_add.html [运行时间：0.105297s][吞吐率：9.50req/s] [内存消耗：1,735.90kb] [文件加载：45]
[ info ] [ LANG ] D:\phpstudy\WWW\tp5\thinkphp\lang\zh-cn.php
[ info ] [ ROUTE ] array (
  'type' => 'module',
  'module' => 
  array (
    0 => 'admin',
    1 => 'index',
    2 => 'pic_add',
  ),
)
[ info ] [ HEADER ] array (
  'host' => 'localhost',
  'connection' => 'keep-alive',
  'upgrade-insecure-requests' => '1',
  'user-agent' => 'Mozilla/5.0 (Windows NT 10.0; Win64; x64) AppleWebKit/537.36 (KHTML, like Gecko) Chrome/61.0.3163.79 Safari/537.36',
  'accept' => 'text/html,application/xhtml+xml,application/xml;q=0.9,image/webp,image/apng,*/*;q=0.8',
  'referer' => 'http://localhost/tp5/public/admin/upload/pic_list.html',
  'accept-encoding' => 'gzip, deflate, br',
  'accept-language' => 'zh-CN,zh;q=0.8',
  'cookie' => 'PHPSESSID=ictd4n53jmrantod1a5r2ldh07',
)
[ info ] [ PARAM ] array (
)
[ info ] [ SESSION ] INIT array (
  'id' => '',
  'var_session_id' => '',
  'prefix' => 'think',
  'type' => '',
  'auto_start' => true,
  'httponly' => true,
  'secure' => false,
)
[ info ] [ RUN ] app\admin\controller\Index->pic_add[ D:\phpstudy\WWW\tp5\app\admin\controller\Index.php ]
[ info ] [ VIEW ] D:\phpstudy\WWW\tp5\public/../app/admin\view\index\frame\pages\pic_upload.html [ array (
) ]
[ info ] [ LOG ] INIT File
---------------------------------------------------------------
[ 2017-11-20T17:05:22+08:00 ] ::1 ::1 GET /tp5/public/static/cssfont-awesome.min.css
[ info ] localhost/tp5/public/static/cssfont-awesome.min.css [运行时间：0.093762s][吞吐率：10.67req/s] [内存消耗：1,420.03kb] [文件加载：38]
[ info ] [ LANG ] D:\phpstudy\WWW\tp5\thinkphp\lang\zh-cn.php
[ info ] [ ROUTE ] array (
  'type' => 'module',
  'module' => 
  array (
    0 => 'static',
    1 => 'cssfont-awesome.min.css',
    2 => NULL,
  ),
)
[ info ] [ HEADER ] array (
  'host' => 'localhost',
  'connection' => 'keep-alive',
  'user-agent' => 'Mozilla/5.0 (Windows NT 10.0; Win64; x64) AppleWebKit/537.36 (KHTML, like Gecko) Chrome/61.0.3163.79 Safari/537.36',
  'accept' => 'text/css,*/*;q=0.1',
  'referer' => 'http://localhost/tp5/public/admin/index/pic_add.html',
  'accept-encoding' => 'gzip, deflate, br',
  'accept-language' => 'zh-CN,zh;q=0.8',
  'cookie' => 'PHPSESSID=ictd4n53jmrantod1a5r2ldh07',
)
[ info ] [ PARAM ] array (
)
[ info ] [ LOG ] INIT File
---------------------------------------------------------------
[ 2017-11-20T17:05:31+08:00 ] ::1 ::1 GET /tp5/public/static/css/img/loading.gif
[ info ] localhost/tp5/public/static/css/img/loading.gif [运行时间：0.068902s][吞吐率：14.51req/s] [内存消耗：1,420.15kb] [文件加载：38]
[ info ] [ LANG ] D:\phpstudy\WWW\tp5\thinkphp\lang\zh-cn.php
[ info ] [ ROUTE ] array (
  'type' => 'module',
  'module' => 
  array (
    0 => 'static',
    1 => 'css',
    2 => 'img',
  ),
)
[ info ] [ HEADER ] array (
  'host' => 'localhost',
  'connection' => 'keep-alive',
  'user-agent' => 'Mozilla/5.0 (Windows NT 10.0; Win64; x64) AppleWebKit/537.36 (KHTML, like Gecko) Chrome/61.0.3163.79 Safari/537.36',
  'accept' => 'image/webp,image/apng,image/*,*/*;q=0.8',
  'referer' => 'http://localhost/tp5/public/static/css/upload/fileinput.min.css',
  'accept-encoding' => 'gzip, deflate, br',
  'accept-language' => 'zh-CN,zh;q=0.8',
  'cookie' => 'PHPSESSID=ictd4n53jmrantod1a5r2ldh07',
)
[ info ] [ PARAM ] array (
)
[ info ] [ LOG ] INIT File
---------------------------------------------------------------
[ 2017-11-20T17:05:42+08:00 ] ::1 ::1 GET /tp5/public/static/css/img/loading-sm.gif
[ info ] localhost/tp5/public/static/css/img/loading-sm.gif [运行时间：0.052892s][吞吐率：18.91req/s] [内存消耗：1,420.10kb] [文件加载：38]
[ info ] [ LANG ] D:\phpstudy\WWW\tp5\thinkphp\lang\zh-cn.php
[ info ] [ ROUTE ] array (
  'type' => 'module',
  'module' => 
  array (
    0 => 'static',
    1 => 'css',
    2 => 'img',
  ),
)
[ info ] [ HEADER ] array (
  'host' => 'localhost',
  'connection' => 'keep-alive',
  'user-agent' => 'Mozilla/5.0 (Windows NT 10.0; Win64; x64) AppleWebKit/537.36 (KHTML, like Gecko) Chrome/61.0.3163.79 Safari/537.36',
  'accept' => 'image/webp,image/apng,image/*,*/*;q=0.8',
  'referer' => 'http://localhost/tp5/public/static/css/upload/fileinput.min.css',
  'accept-encoding' => 'gzip, deflate, br',
  'accept-language' => 'zh-CN,zh;q=0.8',
  'cookie' => 'PHPSESSID=ictd4n53jmrantod1a5r2ldh07',
)
[ info ] [ PARAM ] array (
)
[ info ] [ LOG ] INIT File
---------------------------------------------------------------
[ 2017-11-20T17:05:42+08:00 ] ::1 ::1 POST /tp5/public/admin/upload/ajax_upload
[ info ] localhost/tp5/public/admin/upload/ajax_upload [运行时间：0.088049s][吞吐率：11.36req/s] [内存消耗：1,739.66kb] [文件加载：43]
[ info ] [ LANG ] D:\phpstudy\WWW\tp5\thinkphp\lang\zh-cn.php
[ info ] [ ROUTE ] array (
  'type' => 'module',
  'module' => 
  array (
    0 => 'admin',
    1 => 'upload',
    2 => 'ajax_upload',
  ),
)
[ info ] [ HEADER ] array (
  'host' => 'localhost',
  'connection' => 'keep-alive',
  'content-length' => '14001',
  'accept' => 'application/json, text/javascript, */*; q=0.01',
  'origin' => 'http://localhost',
  'x-requested-with' => 'XMLHttpRequest',
  'user-agent' => 'Mozilla/5.0 (Windows NT 10.0; Win64; x64) AppleWebKit/537.36 (KHTML, like Gecko) Chrome/61.0.3163.79 Safari/537.36',
  'content-type' => 'multipart/form-data; boundary=----WebKitFormBoundaryB6jul0cuu7Vfcyqm',
  'referer' => 'http://localhost/tp5/public/admin/index/pic_add.html',
  'accept-encoding' => 'gzip, deflate, br',
  'accept-language' => 'zh-CN,zh;q=0.8',
  'cookie' => 'PHPSESSID=ictd4n53jmrantod1a5r2ldh07',
)
[ info ] [ PARAM ] array (
  'file_id' => '0',
)
[ info ] [ RUN ] app\admin\controller\Upload->ajax_upload[ D:\phpstudy\WWW\tp5\app\admin\controller\Upload.php ]
[ info ] [ LOG ] INIT File
---------------------------------------------------------------
[ 2017-11-20T17:05:44+08:00 ] ::1 ::1 POST /tp5/public/admin/upload/uploads.html
[ info ] localhost/tp5/public/admin/upload/uploads.html [运行时间：0.363330s][吞吐率：2.75req/s] [内存消耗：2,788.26kb] [文件加载：54]
[ info ] [ LANG ] D:\phpstudy\WWW\tp5\thinkphp\lang\zh-cn.php
[ info ] [ ROUTE ] array (
  'type' => 'module',
  'module' => 
  array (
    0 => 'admin',
    1 => 'upload',
    2 => 'uploads',
  ),
)
[ info ] [ HEADER ] array (
  'host' => 'localhost',
  'connection' => 'keep-alive',
  'content-length' => '717',
  'cache-control' => 'max-age=0',
  'origin' => 'http://localhost',
  'upgrade-insecure-requests' => '1',
  'content-type' => 'multipart/form-data; boundary=----WebKitFormBoundaryp0Ls7HD6ibKLbveA',
  'user-agent' => 'Mozilla/5.0 (Windows NT 10.0; Win64; x64) AppleWebKit/537.36 (KHTML, like Gecko) Chrome/61.0.3163.79 Safari/537.36',
  'accept' => 'text/html,application/xhtml+xml,application/xml;q=0.9,image/webp,image/apng,*/*;q=0.8',
  'referer' => 'http://localhost/tp5/public/admin/index/pic_add.html',
  'accept-encoding' => 'gzip, deflate, br',
  'accept-language' => 'zh-CN,zh;q=0.8',
  'cookie' => 'PHPSESSID=ictd4n53jmrantod1a5r2ldh07',
)
[ info ] [ PARAM ] array (
  'title' => '123',
  'titleid' => '123',
  'content' => '123',
  'description' => '12',
  'picurl' => '20171120\\4c89bddedaa5d564396ee8d14fd655d5.jpg',
)
[ info ] [ RUN ] app\admin\controller\Upload->uploads[ D:\phpstudy\WWW\tp5\app\admin\controller\Upload.php ]
[ info ] [ DB ] INIT mysql
[ info ] [ VIEW ] D:\phpstudy\WWW\tp5\thinkphp\tpl\dispatch_jump.tpl [ array (
  0 => 'code',
  1 => 'msg',
  2 => 'data',
  3 => 'url',
  4 => 'wait',
) ]
[ info ] [ LOG ] INIT File
[ sql ] [ DB ] CONNECT:[ UseTime:0.006731s ] mysql:dbname=huawei;host=127.0.0.1;charset=utf8
[ sql ] [ SQL ] SHOW COLUMNS FROM `upload_model` [ RunTime:0.128374s ]
[ sql ] [ SQL ] INSERT INTO `upload_model` (`title` , `titleid` , `content` , `description` , `picurl` , `create_time`) VALUES ('123' , 123 , '123' , '12' , '20171120\\4c89bddedaa5d564396ee8d14fd655d5.jpg' , '2017-11-20 17:05:44') [ RunTime:0.140856s ]
---------------------------------------------------------------
[ 2017-11-20T17:05:45+08:00 ] ::1 ::1 GET /tp5/public/admin/upload/pic_list.html
[ info ] localhost/tp5/public/admin/upload/pic_list.html [运行时间：0.178049s][吞吐率：5.62req/s] [内存消耗：2,910.20kb] [文件加载：56]
[ info ] [ LANG ] D:\phpstudy\WWW\tp5\thinkphp\lang\zh-cn.php
[ info ] [ ROUTE ] array (
  'type' => 'module',
  'module' => 
  array (
    0 => 'admin',
    1 => 'upload',
    2 => 'pic_list',
  ),
)
[ info ] [ HEADER ] array (
  'host' => 'localhost',
  'connection' => 'keep-alive',
  'upgrade-insecure-requests' => '1',
  'user-agent' => 'Mozilla/5.0 (Windows NT 10.0; Win64; x64) AppleWebKit/537.36 (KHTML, like Gecko) Chrome/61.0.3163.79 Safari/537.36',
  'accept' => 'text/html,application/xhtml+xml,application/xml;q=0.9,image/webp,image/apng,*/*;q=0.8',
  'referer' => 'http://localhost/tp5/public/admin/upload/uploads.html',
  'accept-encoding' => 'gzip, deflate, br',
  'accept-language' => 'zh-CN,zh;q=0.8',
  'cookie' => 'PHPSESSID=ictd4n53jmrantod1a5r2ldh07',
)
[ info ] [ PARAM ] array (
)
[ info ] [ RUN ] app\admin\controller\Upload->pic_list[ D:\phpstudy\WWW\tp5\app\admin\controller\Upload.php ]
[ info ] [ DB ] INIT mysql
[ info ] [ VIEW ] D:\phpstudy\WWW\tp5\public/../app/admin\view\index\frame\pages\pic_list.html [ array (
  0 => 'data',
  1 => 'page',
) ]
[ info ] [ LOG ] INIT File
[ sql ] [ DB ] CONNECT:[ UseTime:0.004839s ] mysql:dbname=huawei;host=127.0.0.1;charset=utf8
[ sql ] [ SQL ] SHOW COLUMNS FROM `upload_model` [ RunTime:0.077539s ]
[ sql ] [ SQL ] SELECT COUNT(*) AS tp_count FROM `upload_model` LIMIT 1 [ RunTime:0.000996s ]
[ sql ] [ SQL ] SELECT * FROM `upload_model` LIMIT 0,5 [ RunTime:0.001389s ]
---------------------------------------------------------------
[ 2017-11-20T17:05:48+08:00 ] ::1 ::1 GET /tp5/public/admin/upload/pic_list.html?page=5
[ info ] localhost/tp5/public/admin/upload/pic_list.html?page=5 [运行时间：0.095518s][吞吐率：10.47req/s] [内存消耗：2,910.75kb] [文件加载：56]
[ info ] [ LANG ] D:\phpstudy\WWW\tp5\thinkphp\lang\zh-cn.php
[ info ] [ ROUTE ] array (
  'type' => 'module',
  'module' => 
  array (
    0 => 'admin',
    1 => 'upload',
    2 => 'pic_list',
  ),
)
[ info ] [ HEADER ] array (
  'host' => 'localhost',
  'connection' => 'keep-alive',
  'upgrade-insecure-requests' => '1',
  'user-agent' => 'Mozilla/5.0 (Windows NT 10.0; Win64; x64) AppleWebKit/537.36 (KHTML, like Gecko) Chrome/61.0.3163.79 Safari/537.36',
  'accept' => 'text/html,application/xhtml+xml,application/xml;q=0.9,image/webp,image/apng,*/*;q=0.8',
  'referer' => 'http://localhost/tp5/public/admin/upload/pic_list.html',
  'accept-encoding' => 'gzip, deflate, br',
  'accept-language' => 'zh-CN,zh;q=0.8',
  'cookie' => 'PHPSESSID=ictd4n53jmrantod1a5r2ldh07',
)
[ info ] [ PARAM ] array (
  'page' => '5',
)
[ info ] [ RUN ] app\admin\controller\Upload->pic_list[ D:\phpstudy\WWW\tp5\app\admin\controller\Upload.php ]
[ info ] [ DB ] INIT mysql
[ info ] [ VIEW ] D:\phpstudy\WWW\tp5\public/../app/admin\view\index\frame\pages\pic_list.html [ array (
  0 => 'data',
  1 => 'page',
) ]
[ info ] [ LOG ] INIT File
[ sql ] [ DB ] CONNECT:[ UseTime:0.005650s ] mysql:dbname=huawei;host=127.0.0.1;charset=utf8
[ sql ] [ SQL ] SHOW COLUMNS FROM `upload_model` [ RunTime:0.010402s ]
[ sql ] [ SQL ] SELECT COUNT(*) AS tp_count FROM `upload_model` LIMIT 1 [ RunTime:0.000367s ]
[ sql ] [ SQL ] SELECT * FROM `upload_model` LIMIT 20,5 [ RunTime:0.000478s ]
---------------------------------------------------------------
[ 2017-11-20T17:05:50+08:00 ] ::1 ::1 GET /tp5/public/admin/upload/pic_list.html?page=6
[ info ] localhost/tp5/public/admin/upload/pic_list.html?page=6 [运行时间：0.269747s][吞吐率：3.71req/s] [内存消耗：2,910.78kb] [文件加载：56]
[ info ] [ LANG ] D:\phpstudy\WWW\tp5\thinkphp\lang\zh-cn.php
[ info ] [ ROUTE ] array (
  'type' => 'module',
  'module' => 
  array (
    0 => 'admin',
    1 => 'upload',
    2 => 'pic_list',
  ),
)
[ info ] [ HEADER ] array (
  'host' => 'localhost',
  'connection' => 'keep-alive',
  'upgrade-insecure-requests' => '1',
  'user-agent' => 'Mozilla/5.0 (Windows NT 10.0; Win64; x64) AppleWebKit/537.36 (KHTML, like Gecko) Chrome/61.0.3163.79 Safari/537.36',
  'accept' => 'text/html,application/xhtml+xml,application/xml;q=0.9,image/webp,image/apng,*/*;q=0.8',
  'referer' => 'http://localhost/tp5/public/admin/upload/pic_list.html?page=5',
  'accept-encoding' => 'gzip, deflate, br',
  'accept-language' => 'zh-CN,zh;q=0.8',
  'cookie' => 'PHPSESSID=ictd4n53jmrantod1a5r2ldh07',
)
[ info ] [ PARAM ] array (
  'page' => '6',
)
[ info ] [ RUN ] app\admin\controller\Upload->pic_list[ D:\phpstudy\WWW\tp5\app\admin\controller\Upload.php ]
[ info ] [ DB ] INIT mysql
[ info ] [ VIEW ] D:\phpstudy\WWW\tp5\public/../app/admin\view\index\frame\pages\pic_list.html [ array (
  0 => 'data',
  1 => 'page',
) ]
[ info ] [ LOG ] INIT File
[ sql ] [ DB ] CONNECT:[ UseTime:0.015790s ] mysql:dbname=huawei;host=127.0.0.1;charset=utf8
[ sql ] [ SQL ] SHOW COLUMNS FROM `upload_model` [ RunTime:0.029549s ]
[ sql ] [ SQL ] SELECT COUNT(*) AS tp_count FROM `upload_model` LIMIT 1 [ RunTime:0.000978s ]
[ sql ] [ SQL ] SELECT * FROM `upload_model` LIMIT 25,5 [ RunTime:0.001360s ]
---------------------------------------------------------------
[ 2017-11-20T17:05:52+08:00 ] ::1 ::1 GET /tp5/public/admin/upload/pic_list.html?page=8
[ info ] localhost/tp5/public/admin/upload/pic_list.html?page=8 [运行时间：0.093178s][吞吐率：10.73req/s] [内存消耗：2,910.76kb] [文件加载：56]
[ info ] [ LANG ] D:\phpstudy\WWW\tp5\thinkphp\lang\zh-cn.php
[ info ] [ ROUTE ] array (
  'type' => 'module',
  'module' => 
  array (
    0 => 'admin',
    1 => 'upload',
    2 => 'pic_list',
  ),
)
[ info ] [ HEADER ] array (
  'host' => 'localhost',
  'connection' => 'keep-alive',
  'upgrade-insecure-requests' => '1',
  'user-agent' => 'Mozilla/5.0 (Windows NT 10.0; Win64; x64) AppleWebKit/537.36 (KHTML, like Gecko) Chrome/61.0.3163.79 Safari/537.36',
  'accept' => 'text/html,application/xhtml+xml,application/xml;q=0.9,image/webp,image/apng,*/*;q=0.8',
  'referer' => 'http://localhost/tp5/public/admin/upload/pic_list.html?page=6',
  'accept-encoding' => 'gzip, deflate, br',
  'accept-language' => 'zh-CN,zh;q=0.8',
  'cookie' => 'PHPSESSID=ictd4n53jmrantod1a5r2ldh07',
)
[ info ] [ PARAM ] array (
  'page' => '8',
)
[ info ] [ RUN ] app\admin\controller\Upload->pic_list[ D:\phpstudy\WWW\tp5\app\admin\controller\Upload.php ]
[ info ] [ DB ] INIT mysql
[ info ] [ VIEW ] D:\phpstudy\WWW\tp5\public/../app/admin\view\index\frame\pages\pic_list.html [ array (
  0 => 'data',
  1 => 'page',
) ]
[ info ] [ LOG ] INIT File
[ sql ] [ DB ] CONNECT:[ UseTime:0.005170s ] mysql:dbname=huawei;host=127.0.0.1;charset=utf8
[ sql ] [ SQL ] SHOW COLUMNS FROM `upload_model` [ RunTime:0.010450s ]
[ sql ] [ SQL ] SELECT COUNT(*) AS tp_count FROM `upload_model` LIMIT 1 [ RunTime:0.000365s ]
[ sql ] [ SQL ] SELECT * FROM `upload_model` LIMIT 35,5 [ RunTime:0.000480s ]
---------------------------------------------------------------
[ 2017-11-20T17:05:54+08:00 ] ::1 ::1 GET /tp5/public/admin/upload/pic_list.html?page=9
[ info ] localhost/tp5/public/admin/upload/pic_list.html?page=9 [运行时间：0.096620s][吞吐率：10.35req/s] [内存消耗：2,910.73kb] [文件加载：56]
[ info ] [ LANG ] D:\phpstudy\WWW\tp5\thinkphp\lang\zh-cn.php
[ info ] [ ROUTE ] array (
  'type' => 'module',
  'module' => 
  array (
    0 => 'admin',
    1 => 'upload',
    2 => 'pic_list',
  ),
)
[ info ] [ HEADER ] array (
  'host' => 'localhost',
  'connection' => 'keep-alive',
  'upgrade-insecure-requests' => '1',
  'user-agent' => 'Mozilla/5.0 (Windows NT 10.0; Win64; x64) AppleWebKit/537.36 (KHTML, like Gecko) Chrome/61.0.3163.79 Safari/537.36',
  'accept' => 'text/html,application/xhtml+xml,application/xml;q=0.9,image/webp,image/apng,*/*;q=0.8',
  'referer' => 'http://localhost/tp5/public/admin/upload/pic_list.html?page=8',
  'accept-encoding' => 'gzip, deflate, br',
  'accept-language' => 'zh-CN,zh;q=0.8',
  'cookie' => 'PHPSESSID=ictd4n53jmrantod1a5r2ldh07',
)
[ info ] [ PARAM ] array (
  'page' => '9',
)
[ info ] [ RUN ] app\admin\controller\Upload->pic_list[ D:\phpstudy\WWW\tp5\app\admin\controller\Upload.php ]
[ info ] [ DB ] INIT mysql
[ info ] [ VIEW ] D:\phpstudy\WWW\tp5\public/../app/admin\view\index\frame\pages\pic_list.html [ array (
  0 => 'data',
  1 => 'page',
) ]
[ info ] [ LOG ] INIT File
[ sql ] [ DB ] CONNECT:[ UseTime:0.006773s ] mysql:dbname=huawei;host=127.0.0.1;charset=utf8
[ sql ] [ SQL ] SHOW COLUMNS FROM `upload_model` [ RunTime:0.011505s ]
[ sql ] [ SQL ] SELECT COUNT(*) AS tp_count FROM `upload_model` LIMIT 1 [ RunTime:0.000332s ]
[ sql ] [ SQL ] SELECT * FROM `upload_model` LIMIT 40,5 [ RunTime:0.000509s ]
---------------------------------------------------------------
[ 2017-11-20T17:05:56+08:00 ] ::1 ::1 GET /tp5/public/admin/upload/pic_list.html?page=10
[ info ] localhost/tp5/public/admin/upload/pic_list.html?page=10 [运行时间：0.099088s][吞吐率：10.09req/s] [内存消耗：2,910.70kb] [文件加载：56]
[ info ] [ LANG ] D:\phpstudy\WWW\tp5\thinkphp\lang\zh-cn.php
[ info ] [ ROUTE ] array (
  'type' => 'module',
  'module' => 
  array (
    0 => 'admin',
    1 => 'upload',
    2 => 'pic_list',
  ),
)
[ info ] [ HEADER ] array (
  'host' => 'localhost',
  'connection' => 'keep-alive',
  'upgrade-insecure-requests' => '1',
  'user-agent' => 'Mozilla/5.0 (Windows NT 10.0; Win64; x64) AppleWebKit/537.36 (KHTML, like Gecko) Chrome/61.0.3163.79 Safari/537.36',
  'accept' => 'text/html,application/xhtml+xml,application/xml;q=0.9,image/webp,image/apng,*/*;q=0.8',
  'referer' => 'http://localhost/tp5/public/admin/upload/pic_list.html?page=9',
  'accept-encoding' => 'gzip, deflate, br',
  'accept-language' => 'zh-CN,zh;q=0.8',
  'cookie' => 'PHPSESSID=ictd4n53jmrantod1a5r2ldh07',
)
[ info ] [ PARAM ] array (
  'page' => '10',
)
[ info ] [ RUN ] app\admin\controller\Upload->pic_list[ D:\phpstudy\WWW\tp5\app\admin\controller\Upload.php ]
[ info ] [ DB ] INIT mysql
[ info ] [ VIEW ] D:\phpstudy\WWW\tp5\public/../app/admin\view\index\frame\pages\pic_list.html [ array (
  0 => 'data',
  1 => 'page',
) ]
[ info ] [ LOG ] INIT File
[ sql ] [ DB ] CONNECT:[ UseTime:0.013227s ] mysql:dbname=huawei;host=127.0.0.1;charset=utf8
[ sql ] [ SQL ] SHOW COLUMNS FROM `upload_model` [ RunTime:0.010778s ]
[ sql ] [ SQL ] SELECT COUNT(*) AS tp_count FROM `upload_model` LIMIT 1 [ RunTime:0.000356s ]
[ sql ] [ SQL ] SELECT * FROM `upload_model` LIMIT 45,5 [ RunTime:0.000523s ]
---------------------------------------------------------------
[ 2017-11-20T17:05:59+08:00 ] ::1 ::1 GET /tp5/public/admin/upload/pic_list.html?page=5
[ info ] localhost/tp5/public/admin/upload/pic_list.html?page=5 [运行时间：0.088488s][吞吐率：11.30req/s] [内存消耗：2,910.77kb] [文件加载：56]
[ info ] [ LANG ] D:\phpstudy\WWW\tp5\thinkphp\lang\zh-cn.php
[ info ] [ ROUTE ] array (
  'type' => 'module',
  'module' => 
  array (
    0 => 'admin',
    1 => 'upload',
    2 => 'pic_list',
  ),
)
[ info ] [ HEADER ] array (
  'host' => 'localhost',
  'connection' => 'keep-alive',
  'upgrade-insecure-requests' => '1',
  'user-agent' => 'Mozilla/5.0 (Windows NT 10.0; Win64; x64) AppleWebKit/537.36 (KHTML, like Gecko) Chrome/61.0.3163.79 Safari/537.36',
  'accept' => 'text/html,application/xhtml+xml,application/xml;q=0.9,image/webp,image/apng,*/*;q=0.8',
  'referer' => 'http://localhost/tp5/public/admin/upload/pic_list.html?page=10',
  'accept-encoding' => 'gzip, deflate, br',
  'accept-language' => 'zh-CN,zh;q=0.8',
  'cookie' => 'PHPSESSID=ictd4n53jmrantod1a5r2ldh07',
)
[ info ] [ PARAM ] array (
  'page' => '5',
)
[ info ] [ RUN ] app\admin\controller\Upload->pic_list[ D:\phpstudy\WWW\tp5\app\admin\controller\Upload.php ]
[ info ] [ DB ] INIT mysql
[ info ] [ VIEW ] D:\phpstudy\WWW\tp5\public/../app/admin\view\index\frame\pages\pic_list.html [ array (
  0 => 'data',
  1 => 'page',
) ]
[ info ] [ LOG ] INIT File
[ sql ] [ DB ] CONNECT:[ UseTime:0.005535s ] mysql:dbname=huawei;host=127.0.0.1;charset=utf8
[ sql ] [ SQL ] SHOW COLUMNS FROM `upload_model` [ RunTime:0.010356s ]
[ sql ] [ SQL ] SELECT COUNT(*) AS tp_count FROM `upload_model` LIMIT 1 [ RunTime:0.000363s ]
[ sql ] [ SQL ] SELECT * FROM `upload_model` LIMIT 20,5 [ RunTime:0.000497s ]
---------------------------------------------------------------
[ 2017-11-20T17:06:00+08:00 ] ::1 ::1 GET /tp5/public/admin/upload/pic_list.html?page=4
[ info ] localhost/tp5/public/admin/upload/pic_list.html?page=4 [运行时间：0.091650s][吞吐率：10.91req/s] [内存消耗：2,910.72kb] [文件加载：56]
[ info ] [ LANG ] D:\phpstudy\WWW\tp5\thinkphp\lang\zh-cn.php
[ info ] [ ROUTE ] array (
  'type' => 'module',
  'module' => 
  array (
    0 => 'admin',
    1 => 'upload',
    2 => 'pic_list',
  ),
)
[ info ] [ HEADER ] array (
  'host' => 'localhost',
  'connection' => 'keep-alive',
  'upgrade-insecure-requests' => '1',
  'user-agent' => 'Mozilla/5.0 (Windows NT 10.0; Win64; x64) AppleWebKit/537.36 (KHTML, like Gecko) Chrome/61.0.3163.79 Safari/537.36',
  'accept' => 'text/html,application/xhtml+xml,application/xml;q=0.9,image/webp,image/apng,*/*;q=0.8',
  'referer' => 'http://localhost/tp5/public/admin/upload/pic_list.html?page=5',
  'accept-encoding' => 'gzip, deflate, br',
  'accept-language' => 'zh-CN,zh;q=0.8',
  'cookie' => 'PHPSESSID=ictd4n53jmrantod1a5r2ldh07',
)
[ info ] [ PARAM ] array (
  'page' => '4',
)
[ info ] [ RUN ] app\admin\controller\Upload->pic_list[ D:\phpstudy\WWW\tp5\app\admin\controller\Upload.php ]
[ info ] [ DB ] INIT mysql
[ info ] [ VIEW ] D:\phpstudy\WWW\tp5\public/../app/admin\view\index\frame\pages\pic_list.html [ array (
  0 => 'data',
  1 => 'page',
) ]
[ info ] [ LOG ] INIT File
[ sql ] [ DB ] CONNECT:[ UseTime:0.005742s ] mysql:dbname=huawei;host=127.0.0.1;charset=utf8
[ sql ] [ SQL ] SHOW COLUMNS FROM `upload_model` [ RunTime:0.010972s ]
[ sql ] [ SQL ] SELECT COUNT(*) AS tp_count FROM `upload_model` LIMIT 1 [ RunTime:0.000398s ]
[ sql ] [ SQL ] SELECT * FROM `upload_model` LIMIT 15,5 [ RunTime:0.000491s ]
---------------------------------------------------------------
[ 2017-11-20T17:06:05+08:00 ] ::1 ::1 GET /tp5/public/admin/upload/pic_delete?id=56
[ info ] localhost/tp5/public/admin/upload/pic_delete?id=56 [运行时间：0.330671s][吞吐率：3.02req/s] [内存消耗：2,873.23kb] [文件加载：57]
[ info ] [ LANG ] D:\phpstudy\WWW\tp5\thinkphp\lang\zh-cn.php
[ info ] [ ROUTE ] array (
  'type' => 'module',
  'module' => 
  array (
    0 => 'admin',
    1 => 'upload',
    2 => 'pic_delete',
  ),
)
[ info ] [ HEADER ] array (
  'host' => 'localhost',
  'connection' => 'keep-alive',
  'upgrade-insecure-requests' => '1',
  'user-agent' => 'Mozilla/5.0 (Windows NT 10.0; Win64; x64) AppleWebKit/537.36 (KHTML, like Gecko) Chrome/61.0.3163.79 Safari/537.36',
  'accept' => 'text/html,application/xhtml+xml,application/xml;q=0.9,image/webp,image/apng,*/*;q=0.8',
  'referer' => 'http://localhost/tp5/public/admin/upload/pic_list.html?page=4',
  'accept-encoding' => 'gzip, deflate, br',
  'accept-language' => 'zh-CN,zh;q=0.8',
  'cookie' => 'PHPSESSID=ictd4n53jmrantod1a5r2ldh07',
)
[ info ] [ PARAM ] array (
  'id' => '56',
)
[ info ] [ RUN ] app\admin\controller\Upload->pic_delete[ D:\phpstudy\WWW\tp5\app\admin\controller\Upload.php ]
[ info ] [ DB ] INIT mysql
[ info ] [ CACHE ] INIT File
[ info ] [ VIEW ] D:\phpstudy\WWW\tp5\thinkphp\tpl\dispatch_jump.tpl [ array (
  0 => 'code',
  1 => 'msg',
  2 => 'data',
  3 => 'url',
  4 => 'wait',
) ]
[ info ] [ LOG ] INIT File
[ sql ] [ DB ] CONNECT:[ UseTime:0.005533s ] mysql:dbname=huawei;host=127.0.0.1;charset=utf8
[ sql ] [ SQL ] SHOW COLUMNS FROM `upload_model` [ RunTime:0.010114s ]
[ sql ] [ SQL ] SELECT * FROM `upload_model` WHERE  `id` = 56 [ RunTime:0.000512s ]
[ sql ] [ SQL ] SELECT * FROM `upload_model` WHERE  `id` = 56 [ RunTime:0.001144s ]
[ sql ] [ SQL ] DELETE FROM `upload_model`    WHERE  `id` = 56 [ RunTime:0.019957s ]
---------------------------------------------------------------
[ 2017-11-20T17:06:06+08:00 ] ::1 ::1 GET /tp5/public/admin/upload/pic_list.html
[ info ] localhost/tp5/public/admin/upload/pic_list.html [运行时间：0.103049s][吞吐率：9.70req/s] [内存消耗：2,910.17kb] [文件加载：56]
[ info ] [ LANG ] D:\phpstudy\WWW\tp5\thinkphp\lang\zh-cn.php
[ info ] [ ROUTE ] array (
  'type' => 'module',
  'module' => 
  array (
    0 => 'admin',
    1 => 'upload',
    2 => 'pic_list',
  ),
)
[ info ] [ HEADER ] array (
  'host' => 'localhost',
  'connection' => 'keep-alive',
  'upgrade-insecure-requests' => '1',
  'user-agent' => 'Mozilla/5.0 (Windows NT 10.0; Win64; x64) AppleWebKit/537.36 (KHTML, like Gecko) Chrome/61.0.3163.79 Safari/537.36',
  'accept' => 'text/html,application/xhtml+xml,application/xml;q=0.9,image/webp,image/apng,*/*;q=0.8',
  'referer' => 'http://localhost/tp5/public/admin/upload/pic_delete?id=56',
  'accept-encoding' => 'gzip, deflate, br',
  'accept-language' => 'zh-CN,zh;q=0.8',
  'cookie' => 'PHPSESSID=ictd4n53jmrantod1a5r2ldh07',
)
[ info ] [ PARAM ] array (
)
[ info ] [ RUN ] app\admin\controller\Upload->pic_list[ D:\phpstudy\WWW\tp5\app\admin\controller\Upload.php ]
[ info ] [ DB ] INIT mysql
[ info ] [ VIEW ] D:\phpstudy\WWW\tp5\public/../app/admin\view\index\frame\pages\pic_list.html [ array (
  0 => 'data',
  1 => 'page',
) ]
[ info ] [ LOG ] INIT File
[ sql ] [ DB ] CONNECT:[ UseTime:0.005771s ] mysql:dbname=huawei;host=127.0.0.1;charset=utf8
[ sql ] [ SQL ] SHOW COLUMNS FROM `upload_model` [ RunTime:0.010874s ]
[ sql ] [ SQL ] SELECT COUNT(*) AS tp_count FROM `upload_model` LIMIT 1 [ RunTime:0.000349s ]
[ sql ] [ SQL ] SELECT * FROM `upload_model` LIMIT 0,5 [ RunTime:0.000488s ]
