---------------------------------------------------------------
[ 2017-11-22T13:21:23+08:00 ] ::1 ::1 GET /tp5/public/
[ info ] localhost/tp5/public/ [运行时间：0.482331s][吞吐率：2.07req/s] [内存消耗：1,793.51kb] [文件加载：44]
[ info ] [ LANG ] D:\phpstudy\WWW\tp5\thinkphp\lang\zh-cn.php
[ info ] [ ROUTE ] array (
  'type' => 'module',
  'module' => 
  array (
    0 => '',
    1 => NULL,
    2 => NULL,
  ),
)
[ info ] [ HEADER ] array (
  'host' => 'localhost',
  'connection' => 'keep-alive',
  'user-agent' => 'Mozilla/5.0 (Windows NT 10.0; Win64; x64) AppleWebKit/537.36 (KHTML, like Gecko) Chrome/61.0.3163.79 Safari/537.36',
  'upgrade-insecure-requests' => '1',
  'accept' => 'text/html,application/xhtml+xml,application/xml;q=0.9,image/webp,image/apng,*/*;q=0.8',
  'accept-encoding' => 'gzip, deflate, br',
  'accept-language' => 'zh-CN,zh;q=0.8',
)
[ info ] [ PARAM ] array (
)
[ info ] [ RUN ] app\index\controller\Index->index[ D:\phpstudy\WWW\tp5\app\index\controller\Index.php ]
[ info ] [ VIEW ] D:\phpstudy\WWW\tp5\public/../app/index\view\index\index.html [ array (
) ]
[ info ] [ SESSION ] INIT array (
  'id' => '',
  'var_session_id' => '',
  'prefix' => 'think',
  'type' => '',
  'auto_start' => true,
  'httponly' => true,
  'secure' => false,
)
[ info ] [ LOG ] INIT File
---------------------------------------------------------------
[ 2017-11-22T13:21:25+08:00 ] ::1 ::1 GET /tp5/public/static/img/video/huawei-in.mp4
[ info ] localhost/tp5/public/static/img/video/huawei-in.mp4 [运行时间：0.105992s][吞吐率：9.43req/s] [内存消耗：1,420.01kb] [文件加载：38]
[ info ] [ LANG ] D:\phpstudy\WWW\tp5\thinkphp\lang\zh-cn.php
[ info ] [ ROUTE ] array (
  'type' => 'module',
  'module' => 
  array (
    0 => 'static',
    1 => 'img',
    2 => 'video',
  ),
)
[ info ] [ HEADER ] array (
  'host' => 'localhost',
  'connection' => 'keep-alive',
  'accept-encoding' => 'identity;q=1, *;q=0',
  'user-agent' => 'Mozilla/5.0 (Windows NT 10.0; Win64; x64) AppleWebKit/537.36 (KHTML, like Gecko) Chrome/61.0.3163.79 Safari/537.36',
  'accept' => '*/*',
  'referer' => 'http://localhost/tp5/public/',
  'accept-language' => 'zh-CN,zh;q=0.8',
  'cookie' => 'PHPSESSID=ikmau7lube8159ucgtk4gc1006',
  'range' => 'bytes=0-',
)
[ info ] [ PARAM ] array (
)
[ info ] [ LOG ] INIT File
